09-04 11:29:12 com_github_MitjaNemec_ReplicateLayout.action_replicate_layout 409:Plugin executed on: 'linux'
09-04 11:29:12 com_github_MitjaNemec_ReplicateLayout.action_replicate_layout 410:Plugin executed with python version: '3.13.7 (main, Aug 15 2025, 12:34:02) [GCC 15.2.1 20250813]'
09-04 11:29:12 com_github_MitjaNemec_ReplicateLayout.action_replicate_layout 411:KiCad build version: 9.0.4
09-04 11:29:12 com_github_MitjaNemec_ReplicateLayout.action_replicate_layout 412:Plugin version: 4.0.3
09-04 11:29:12 com_github_MitjaNemec_ReplicateLayout.action_replicate_layout 413:Frame repr: <wx._core.Frame object at 0x7f7829149640>
09-04 11:29:12 com_github_MitjaNemec_ReplicateLayout.action_replicate_layout 437:Preparing replicator with U11 as a reference
09-04 11:29:12 com_github_MitjaNemec_ReplicateLayout.replicate_layout 117:getting a list of all footprints on board
09-04 11:29:12 com_github_MitjaNemec_ReplicateLayout.action_replicate_layout 485:source anchor footprint is 'U11'
Located on: ['/VFD drive 4/']
With filenames: ['vfd_drive.kicad_sch']
With sheet_id:['/VFD drive 4/']
09-04 11:29:12 com_github_MitjaNemec_ReplicateLayout.action_replicate_layout 492:Corresponding footprints are 
[('U9', ['/VFD drive 3/']), ('U11', ['/VFD drive 4/']), ('U7', ['/VFD drive 2/']), ('U5', ['/VFD drive 1/'])]
09-04 11:29:12 com_github_MitjaNemec_ReplicateLayout.action_replicate_layout 504:Showing dialog
09-04 11:29:12 com_github_MitjaNemec_ReplicateLayout.replicate_layout 472:constructing a list of sheets suitable for replication on level:'/VFD drive 4/', file:'vfd_drive.kicad_sch'
09-04 11:29:12 com_github_MitjaNemec_ReplicateLayout.replicate_layout 509:suitable sheets are:[['/VFD drive 1/'], ['/VFD drive 2/'], ['/VFD drive 3/']]
09-04 11:29:12 com_github_MitjaNemec_ReplicateLayout.replicate_layout 1512:Level selected: ['/VFD drive 4/']
09-04 11:29:12 com_github_MitjaNemec_ReplicateLayout.replicate_layout 1336:Filtering list of tracks
09-04 11:29:13 com_github_MitjaNemec_ReplicateLayout.action_replicate_layout 510:Toolbar position: wx.Point(-1091, 93)
09-04 11:29:13 com_github_MitjaNemec_ReplicateLayout.action_replicate_layout 515:Dialog position: wx.Point(-1530, 93)
09-04 11:29:14 com_github_MitjaNemec_ReplicateLayout.replicate_layout 472:constructing a list of sheets suitable for replication on level:'/VFD drive 4/', file:'vfd_drive.kicad_sch'
09-04 11:29:14 com_github_MitjaNemec_ReplicateLayout.replicate_layout 509:suitable sheets are:[['/VFD drive 1/'], ['/VFD drive 2/'], ['/VFD drive 3/']]
09-04 11:29:14 com_github_MitjaNemec_ReplicateLayout.action_replicate_layout 248:Replicating layout
09-04 11:29:15 com_github_MitjaNemec_ReplicateLayout.replicate_layout 288:Starting replication of sheets: [['/VFD drive 1/'], ['/VFD drive 2/'], ['/VFD drive 3/']]
on level: ['/VFD drive 4/']
with tracks=True, zone=True, text=True, text=True, intersecting=False, remove=False, locked footprints=False, group_only=False
09-04 11:29:15 root 340:updating GUI message: 'Preparing for replication'
09-04 11:29:15 root 345:updating GUI with: 0
09-04 11:29:15 com_github_MitjaNemec_ReplicateLayout.replicate_layout 358:Getting the list of source footprints
09-04 11:29:15 root 345:updating GUI with: 0
09-04 11:29:15 com_github_MitjaNemec_ReplicateLayout.replicate_layout 368:Getting the list of all the remaining footprints
09-04 11:29:15 com_github_MitjaNemec_ReplicateLayout.replicate_layout 375:Getting source tracks
09-04 11:29:15 com_github_MitjaNemec_ReplicateLayout.replicate_layout 1336:Filtering list of tracks
09-04 11:29:15 com_github_MitjaNemec_ReplicateLayout.replicate_layout 379:Getting source zones
09-04 11:29:15 com_github_MitjaNemec_ReplicateLayout.replicate_layout 383:Getting source text items
09-04 11:29:15 com_github_MitjaNemec_ReplicateLayout.replicate_layout 387:Getting source drawing items
09-04 11:29:15 root 340:updating GUI message: 'Replicating footprints'
09-04 11:29:15 com_github_MitjaNemec_ReplicateLayout.replicate_layout 863:Replicating footprints
09-04 11:29:15 root 345:updating GUI with: 0
09-04 11:29:15 com_github_MitjaNemec_ReplicateLayout.replicate_layout 870:Replicating footprints on sheet ['/VFD drive 1/']
09-04 11:29:15 com_github_MitjaNemec_ReplicateLayout.replicate_layout 835:Src fp.id: '3E4FAB86-4AFF-4D09-A620-32EA5C84F359'
09-04 11:29:15 com_github_MitjaNemec_ReplicateLayout.replicate_layout 839:Dst fp.id: '3E4FAB86-4AFF-4D09-A620-32EA5C84F359'
09-04 11:29:15 com_github_MitjaNemec_ReplicateLayout.replicate_layout 888:Replicating footprint: 'RN4'
09-04 11:29:15 com_github_MitjaNemec_ReplicateLayout.replicate_layout 835:Src fp.id: '13B0D54F-D1F1-47D5-A421-7C91E93A481C'
09-04 11:29:15 com_github_MitjaNemec_ReplicateLayout.replicate_layout 839:Dst fp.id: '13B0D54F-D1F1-47D5-A421-7C91E93A481C'
09-04 11:29:15 com_github_MitjaNemec_ReplicateLayout.replicate_layout 895:found match in dst footprint: 'RN1'
09-04 11:29:15 com_github_MitjaNemec_ReplicateLayout.replicate_layout 990:Src text UUid:41dfb41e-a34a-4e27-b48d-83e5d5a4d549
09-04 11:29:15 com_github_MitjaNemec_ReplicateLayout.replicate_layout 991:Dst text UUid:08e1cfe9-2b9e-45f9-a60e-1fe591dd52bb
09-04 11:29:15 com_github_MitjaNemec_ReplicateLayout.replicate_layout 990:Src text UUid:14383a94-0db3-4217-86d5-20b422fab99f
09-04 11:29:15 com_github_MitjaNemec_ReplicateLayout.replicate_layout 991:Dst text UUid:a0981a1a-1095-4c26-918e-0a3b1344bfbc
09-04 11:29:15 com_github_MitjaNemec_ReplicateLayout.replicate_layout 888:Replicating footprint: 'U10'
09-04 11:29:15 com_github_MitjaNemec_ReplicateLayout.replicate_layout 835:Src fp.id: '054F3683-B3FE-449C-8258-1BFE59DAC132'
09-04 11:29:15 com_github_MitjaNemec_ReplicateLayout.replicate_layout 839:Dst fp.id: '054F3683-B3FE-449C-8258-1BFE59DAC132'
09-04 11:29:15 com_github_MitjaNemec_ReplicateLayout.replicate_layout 895:found match in dst footprint: 'U4'
09-04 11:29:15 com_github_MitjaNemec_ReplicateLayout.replicate_layout 990:Src text UUid:263c4608-3a5a-4930-8f44-d093b04c7bb6
09-04 11:29:15 com_github_MitjaNemec_ReplicateLayout.replicate_layout 991:Dst text UUid:bb49116b-7735-4bef-993f-3eb4f7d24f00
09-04 11:29:15 com_github_MitjaNemec_ReplicateLayout.replicate_layout 990:Src text UUid:b4c58b40-ee03-41e2-a76f-459ee683b8d1
09-04 11:29:15 com_github_MitjaNemec_ReplicateLayout.replicate_layout 991:Dst text UUid:45c8eb96-3706-4ba8-b78d-a8448f5e0b52
09-04 11:29:15 com_github_MitjaNemec_ReplicateLayout.replicate_layout 888:Replicating footprint: 'J9'
09-04 11:29:15 com_github_MitjaNemec_ReplicateLayout.replicate_layout 835:Src fp.id: 'EE3430D8-98F8-4AC2-8CA4-F22A3508DC77'
09-04 11:29:15 com_github_MitjaNemec_ReplicateLayout.replicate_layout 839:Dst fp.id: 'EE3430D8-98F8-4AC2-8CA4-F22A3508DC77'
09-04 11:29:15 com_github_MitjaNemec_ReplicateLayout.replicate_layout 895:found match in dst footprint: 'J6'
09-04 11:29:15 com_github_MitjaNemec_ReplicateLayout.replicate_layout 990:Src text UUid:9bb645c1-d91c-47ea-94d2-f7143af4e732
09-04 11:29:15 com_github_MitjaNemec_ReplicateLayout.replicate_layout 991:Dst text UUid:552b3e29-814c-4222-9a3a-629f134cafcd
09-04 11:29:15 com_github_MitjaNemec_ReplicateLayout.replicate_layout 990:Src text UUid:58d92f07-d15a-4ac3-a17d-55f9e0b545d3
09-04 11:29:15 com_github_MitjaNemec_ReplicateLayout.replicate_layout 991:Dst text UUid:706e35b1-5834-49f8-bbde-66826ca7857f
09-04 11:29:15 com_github_MitjaNemec_ReplicateLayout.replicate_layout 888:Replicating footprint: 'U11'
09-04 11:29:15 com_github_MitjaNemec_ReplicateLayout.replicate_layout 835:Src fp.id: '3E4FAB86-4AFF-4D09-A620-32EA5C84F359'
09-04 11:29:15 com_github_MitjaNemec_ReplicateLayout.replicate_layout 839:Dst fp.id: '3E4FAB86-4AFF-4D09-A620-32EA5C84F359'
09-04 11:29:15 com_github_MitjaNemec_ReplicateLayout.replicate_layout 895:found match in dst footprint: 'U5'
09-04 11:29:15 com_github_MitjaNemec_ReplicateLayout.replicate_layout 990:Src text UUid:10fab7fc-1f23-49a8-b699-2c780dd20f99
09-04 11:29:15 com_github_MitjaNemec_ReplicateLayout.replicate_layout 991:Dst text UUid:8e9dbaff-2af9-4fbb-af8d-7a2a8c5c1c0c
09-04 11:29:15 com_github_MitjaNemec_ReplicateLayout.replicate_layout 990:Src text UUid:064b4396-2e65-4bac-b8b3-08ed585f87d7
09-04 11:29:15 com_github_MitjaNemec_ReplicateLayout.replicate_layout 991:Dst text UUid:a4656ad5-89b4-4051-993a-62b44e9ddd53
09-04 11:29:15 com_github_MitjaNemec_ReplicateLayout.replicate_layout 888:Replicating footprint: 'C16'
09-04 11:29:15 com_github_MitjaNemec_ReplicateLayout.replicate_layout 835:Src fp.id: '6D5DB041-0720-4B6B-91DB-DA5A30D562B2'
09-04 11:29:15 com_github_MitjaNemec_ReplicateLayout.replicate_layout 839:Dst fp.id: '6D5DB041-0720-4B6B-91DB-DA5A30D562B2'
09-04 11:29:15 com_github_MitjaNemec_ReplicateLayout.replicate_layout 895:found match in dst footprint: 'C13'
09-04 11:29:15 com_github_MitjaNemec_ReplicateLayout.replicate_layout 990:Src text UUid:773aa7fe-faf1-4b26-9db3-590766d7aa6d
09-04 11:29:15 com_github_MitjaNemec_ReplicateLayout.replicate_layout 991:Dst text UUid:1476c675-a381-4483-b2c3-1f16c4878d9e
09-04 11:29:15 com_github_MitjaNemec_ReplicateLayout.replicate_layout 990:Src text UUid:de8e110f-d125-4d23-8277-4b5553f6c824
09-04 11:29:15 com_github_MitjaNemec_ReplicateLayout.replicate_layout 991:Dst text UUid:eb03c5d1-335b-4ff4-bfd9-24e3d2d177aa
09-04 11:29:15 com_github_MitjaNemec_ReplicateLayout.replicate_layout 870:Replicating footprints on sheet ['/VFD drive 2/']
09-04 11:29:15 com_github_MitjaNemec_ReplicateLayout.replicate_layout 835:Src fp.id: '3E4FAB86-4AFF-4D09-A620-32EA5C84F359'
09-04 11:29:15 com_github_MitjaNemec_ReplicateLayout.replicate_layout 839:Dst fp.id: '3E4FAB86-4AFF-4D09-A620-32EA5C84F359'
09-04 11:29:15 com_github_MitjaNemec_ReplicateLayout.replicate_layout 888:Replicating footprint: 'RN4'
09-04 11:29:15 com_github_MitjaNemec_ReplicateLayout.replicate_layout 835:Src fp.id: '13B0D54F-D1F1-47D5-A421-7C91E93A481C'
09-04 11:29:15 com_github_MitjaNemec_ReplicateLayout.replicate_layout 839:Dst fp.id: '13B0D54F-D1F1-47D5-A421-7C91E93A481C'
09-04 11:29:15 com_github_MitjaNemec_ReplicateLayout.replicate_layout 895:found match in dst footprint: 'RN2'
09-04 11:29:15 com_github_MitjaNemec_ReplicateLayout.replicate_layout 990:Src text UUid:41dfb41e-a34a-4e27-b48d-83e5d5a4d549
09-04 11:29:15 com_github_MitjaNemec_ReplicateLayout.replicate_layout 991:Dst text UUid:bd387574-005a-4827-a261-650cd452bea2
09-04 11:29:15 com_github_MitjaNemec_ReplicateLayout.replicate_layout 990:Src text UUid:14383a94-0db3-4217-86d5-20b422fab99f
09-04 11:29:15 com_github_MitjaNemec_ReplicateLayout.replicate_layout 991:Dst text UUid:b09a1638-38ae-4a37-96f9-9103a37ff20d
09-04 11:29:15 com_github_MitjaNemec_ReplicateLayout.replicate_layout 888:Replicating footprint: 'U10'
09-04 11:29:15 com_github_MitjaNemec_ReplicateLayout.replicate_layout 835:Src fp.id: '054F3683-B3FE-449C-8258-1BFE59DAC132'
09-04 11:29:15 com_github_MitjaNemec_ReplicateLayout.replicate_layout 839:Dst fp.id: '054F3683-B3FE-449C-8258-1BFE59DAC132'
09-04 11:29:15 com_github_MitjaNemec_ReplicateLayout.replicate_layout 895:found match in dst footprint: 'U6'
09-04 11:29:15 com_github_MitjaNemec_ReplicateLayout.replicate_layout 990:Src text UUid:263c4608-3a5a-4930-8f44-d093b04c7bb6
09-04 11:29:15 com_github_MitjaNemec_ReplicateLayout.replicate_layout 991:Dst text UUid:1b45a5f8-7f86-42bd-b29b-045b85594cb5
09-04 11:29:15 com_github_MitjaNemec_ReplicateLayout.replicate_layout 990:Src text UUid:b4c58b40-ee03-41e2-a76f-459ee683b8d1
09-04 11:29:15 com_github_MitjaNemec_ReplicateLayout.replicate_layout 991:Dst text UUid:2d9de654-b88c-4e7c-8842-baa07d978dc1
09-04 11:29:15 com_github_MitjaNemec_ReplicateLayout.replicate_layout 888:Replicating footprint: 'J9'
09-04 11:29:15 com_github_MitjaNemec_ReplicateLayout.replicate_layout 835:Src fp.id: 'EE3430D8-98F8-4AC2-8CA4-F22A3508DC77'
09-04 11:29:15 com_github_MitjaNemec_ReplicateLayout.replicate_layout 839:Dst fp.id: 'EE3430D8-98F8-4AC2-8CA4-F22A3508DC77'
09-04 11:29:15 com_github_MitjaNemec_ReplicateLayout.replicate_layout 895:found match in dst footprint: 'J7'
09-04 11:29:15 com_github_MitjaNemec_ReplicateLayout.replicate_layout 990:Src text UUid:9bb645c1-d91c-47ea-94d2-f7143af4e732
09-04 11:29:15 com_github_MitjaNemec_ReplicateLayout.replicate_layout 991:Dst text UUid:314f8857-6ff0-4a5e-9c88-2d22331c4bf3
09-04 11:29:15 com_github_MitjaNemec_ReplicateLayout.replicate_layout 990:Src text UUid:58d92f07-d15a-4ac3-a17d-55f9e0b545d3
09-04 11:29:15 com_github_MitjaNemec_ReplicateLayout.replicate_layout 991:Dst text UUid:6580eb06-1101-43cc-9835-6db8df3176f7
09-04 11:29:15 com_github_MitjaNemec_ReplicateLayout.replicate_layout 888:Replicating footprint: 'U11'
09-04 11:29:15 com_github_MitjaNemec_ReplicateLayout.replicate_layout 835:Src fp.id: '3E4FAB86-4AFF-4D09-A620-32EA5C84F359'
09-04 11:29:15 com_github_MitjaNemec_ReplicateLayout.replicate_layout 839:Dst fp.id: '3E4FAB86-4AFF-4D09-A620-32EA5C84F359'
09-04 11:29:15 com_github_MitjaNemec_ReplicateLayout.replicate_layout 895:found match in dst footprint: 'U7'
09-04 11:29:15 com_github_MitjaNemec_ReplicateLayout.replicate_layout 990:Src text UUid:10fab7fc-1f23-49a8-b699-2c780dd20f99
09-04 11:29:15 com_github_MitjaNemec_ReplicateLayout.replicate_layout 991:Dst text UUid:a33d5b68-1dbb-47ae-8f18-89dab0c2a431
09-04 11:29:15 com_github_MitjaNemec_ReplicateLayout.replicate_layout 990:Src text UUid:064b4396-2e65-4bac-b8b3-08ed585f87d7
09-04 11:29:15 com_github_MitjaNemec_ReplicateLayout.replicate_layout 991:Dst text UUid:ba68513b-dd36-4f1d-9e93-6e19bf21719f
09-04 11:29:15 com_github_MitjaNemec_ReplicateLayout.replicate_layout 888:Replicating footprint: 'C16'
09-04 11:29:15 com_github_MitjaNemec_ReplicateLayout.replicate_layout 835:Src fp.id: '6D5DB041-0720-4B6B-91DB-DA5A30D562B2'
09-04 11:29:15 com_github_MitjaNemec_ReplicateLayout.replicate_layout 839:Dst fp.id: '6D5DB041-0720-4B6B-91DB-DA5A30D562B2'
09-04 11:29:15 com_github_MitjaNemec_ReplicateLayout.replicate_layout 895:found match in dst footprint: 'C14'
09-04 11:29:15 com_github_MitjaNemec_ReplicateLayout.replicate_layout 990:Src text UUid:773aa7fe-faf1-4b26-9db3-590766d7aa6d
09-04 11:29:15 com_github_MitjaNemec_ReplicateLayout.replicate_layout 991:Dst text UUid:49877741-4a31-4521-8670-d4c508b4b9fe
09-04 11:29:15 com_github_MitjaNemec_ReplicateLayout.replicate_layout 990:Src text UUid:de8e110f-d125-4d23-8277-4b5553f6c824
09-04 11:29:15 com_github_MitjaNemec_ReplicateLayout.replicate_layout 991:Dst text UUid:3266ce60-c386-4604-ae06-a46eb675edd5
09-04 11:29:15 com_github_MitjaNemec_ReplicateLayout.replicate_layout 870:Replicating footprints on sheet ['/VFD drive 3/']
09-04 11:29:15 com_github_MitjaNemec_ReplicateLayout.replicate_layout 835:Src fp.id: '3E4FAB86-4AFF-4D09-A620-32EA5C84F359'
09-04 11:29:15 com_github_MitjaNemec_ReplicateLayout.replicate_layout 839:Dst fp.id: '3E4FAB86-4AFF-4D09-A620-32EA5C84F359'
09-04 11:29:15 com_github_MitjaNemec_ReplicateLayout.replicate_layout 888:Replicating footprint: 'RN4'
09-04 11:29:15 com_github_MitjaNemec_ReplicateLayout.replicate_layout 835:Src fp.id: '13B0D54F-D1F1-47D5-A421-7C91E93A481C'
09-04 11:29:15 com_github_MitjaNemec_ReplicateLayout.replicate_layout 839:Dst fp.id: '13B0D54F-D1F1-47D5-A421-7C91E93A481C'
09-04 11:29:15 com_github_MitjaNemec_ReplicateLayout.replicate_layout 895:found match in dst footprint: 'RN3'
09-04 11:29:15 com_github_MitjaNemec_ReplicateLayout.replicate_layout 990:Src text UUid:41dfb41e-a34a-4e27-b48d-83e5d5a4d549
09-04 11:29:15 com_github_MitjaNemec_ReplicateLayout.replicate_layout 991:Dst text UUid:c09b910a-8478-4268-ba4e-c7b79f48ec97
09-04 11:29:15 com_github_MitjaNemec_ReplicateLayout.replicate_layout 990:Src text UUid:14383a94-0db3-4217-86d5-20b422fab99f
09-04 11:29:15 com_github_MitjaNemec_ReplicateLayout.replicate_layout 991:Dst text UUid:7a09bd41-4a7d-4128-bebb-71e9d4f77d5e
09-04 11:29:15 com_github_MitjaNemec_ReplicateLayout.replicate_layout 888:Replicating footprint: 'U10'
09-04 11:29:15 com_github_MitjaNemec_ReplicateLayout.replicate_layout 835:Src fp.id: '054F3683-B3FE-449C-8258-1BFE59DAC132'
09-04 11:29:15 com_github_MitjaNemec_ReplicateLayout.replicate_layout 839:Dst fp.id: '054F3683-B3FE-449C-8258-1BFE59DAC132'
09-04 11:29:15 com_github_MitjaNemec_ReplicateLayout.replicate_layout 895:found match in dst footprint: 'U8'
09-04 11:29:15 com_github_MitjaNemec_ReplicateLayout.replicate_layout 990:Src text UUid:263c4608-3a5a-4930-8f44-d093b04c7bb6
09-04 11:29:15 com_github_MitjaNemec_ReplicateLayout.replicate_layout 991:Dst text UUid:e3ccd965-05e3-452a-ab41-7b16296b3644
09-04 11:29:15 com_github_MitjaNemec_ReplicateLayout.replicate_layout 990:Src text UUid:b4c58b40-ee03-41e2-a76f-459ee683b8d1
09-04 11:29:15 com_github_MitjaNemec_ReplicateLayout.replicate_layout 991:Dst text UUid:574b563b-a321-445e-b4f3-816b7cdaa705
09-04 11:29:15 com_github_MitjaNemec_ReplicateLayout.replicate_layout 888:Replicating footprint: 'J9'
09-04 11:29:15 com_github_MitjaNemec_ReplicateLayout.replicate_layout 835:Src fp.id: 'EE3430D8-98F8-4AC2-8CA4-F22A3508DC77'
09-04 11:29:15 com_github_MitjaNemec_ReplicateLayout.replicate_layout 839:Dst fp.id: 'EE3430D8-98F8-4AC2-8CA4-F22A3508DC77'
09-04 11:29:15 com_github_MitjaNemec_ReplicateLayout.replicate_layout 895:found match in dst footprint: 'J8'
09-04 11:29:15 com_github_MitjaNemec_ReplicateLayout.replicate_layout 990:Src text UUid:9bb645c1-d91c-47ea-94d2-f7143af4e732
09-04 11:29:15 com_github_MitjaNemec_ReplicateLayout.replicate_layout 991:Dst text UUid:470d236f-c558-4fc8-b199-fc440ad9c0a2
09-04 11:29:15 com_github_MitjaNemec_ReplicateLayout.replicate_layout 990:Src text UUid:58d92f07-d15a-4ac3-a17d-55f9e0b545d3
09-04 11:29:15 com_github_MitjaNemec_ReplicateLayout.replicate_layout 991:Dst text UUid:55d77c01-8400-4226-9b26-fa81d2078693
09-04 11:29:15 com_github_MitjaNemec_ReplicateLayout.replicate_layout 888:Replicating footprint: 'U11'
09-04 11:29:15 com_github_MitjaNemec_ReplicateLayout.replicate_layout 835:Src fp.id: '3E4FAB86-4AFF-4D09-A620-32EA5C84F359'
09-04 11:29:15 com_github_MitjaNemec_ReplicateLayout.replicate_layout 839:Dst fp.id: '3E4FAB86-4AFF-4D09-A620-32EA5C84F359'
09-04 11:29:15 com_github_MitjaNemec_ReplicateLayout.replicate_layout 895:found match in dst footprint: 'U9'
09-04 11:29:15 com_github_MitjaNemec_ReplicateLayout.replicate_layout 990:Src text UUid:10fab7fc-1f23-49a8-b699-2c780dd20f99
09-04 11:29:15 com_github_MitjaNemec_ReplicateLayout.replicate_layout 991:Dst text UUid:d8837682-d2ee-4728-91e6-85a451904c03
09-04 11:29:15 com_github_MitjaNemec_ReplicateLayout.replicate_layout 990:Src text UUid:064b4396-2e65-4bac-b8b3-08ed585f87d7
09-04 11:29:15 com_github_MitjaNemec_ReplicateLayout.replicate_layout 991:Dst text UUid:4cfaa115-cc84-4a1e-a380-1f325d8a9857
09-04 11:29:15 com_github_MitjaNemec_ReplicateLayout.replicate_layout 888:Replicating footprint: 'C16'
09-04 11:29:15 com_github_MitjaNemec_ReplicateLayout.replicate_layout 835:Src fp.id: '6D5DB041-0720-4B6B-91DB-DA5A30D562B2'
09-04 11:29:15 com_github_MitjaNemec_ReplicateLayout.replicate_layout 839:Dst fp.id: '6D5DB041-0720-4B6B-91DB-DA5A30D562B2'
09-04 11:29:15 com_github_MitjaNemec_ReplicateLayout.replicate_layout 895:found match in dst footprint: 'C15'
09-04 11:29:15 com_github_MitjaNemec_ReplicateLayout.replicate_layout 990:Src text UUid:773aa7fe-faf1-4b26-9db3-590766d7aa6d
09-04 11:29:15 com_github_MitjaNemec_ReplicateLayout.replicate_layout 991:Dst text UUid:868e0801-efa2-443e-a352-2015bc06e285
09-04 11:29:15 com_github_MitjaNemec_ReplicateLayout.replicate_layout 990:Src text UUid:de8e110f-d125-4d23-8277-4b5553f6c824
09-04 11:29:15 com_github_MitjaNemec_ReplicateLayout.replicate_layout 991:Dst text UUid:7615e850-8484-41de-909d-a8dd089428b1
09-04 11:29:15 root 340:updating GUI message: 'Replicating tracks'
09-04 11:29:15 com_github_MitjaNemec_ReplicateLayout.replicate_layout 1014:Replicating tracks
09-04 11:29:15 root 345:updating GUI with: 0
09-04 11:29:15 com_github_MitjaNemec_ReplicateLayout.replicate_layout 1020:Replicating tracks on sheet ['/VFD drive 1/']
09-04 11:29:15 com_github_MitjaNemec_ReplicateLayout.replicate_layout 835:Src fp.id: '3E4FAB86-4AFF-4D09-A620-32EA5C84F359'
09-04 11:29:15 com_github_MitjaNemec_ReplicateLayout.replicate_layout 839:Dst fp.id: '3E4FAB86-4AFF-4D09-A620-32EA5C84F359'
09-04 11:29:15 com_github_MitjaNemec_ReplicateLayout.replicate_layout 776:Significant difference between src net: ['', 'SER_CHAIN3'] and dst net: ['MAIN_SER_IN'], with src_net_depth=2, dst_net_depth=1, src_fp_depth=1, dst_fp_depth=1, match level 0.57
09-04 11:29:15 com_github_MitjaNemec_ReplicateLayout.replicate_layout 776:Significant difference between src net: ['MAIN_SER_OUT'] and dst net: ['', 'SER_CHAIN1'], with src_net_depth=1, dst_net_depth=2, src_fp_depth=1, dst_fp_depth=1, match level 0.36
09-04 11:29:15 com_github_MitjaNemec_ReplicateLayout.replicate_layout 792:Net pairs for sheet ['/VFD drive 1/'] :[('Net-(J9-Pin_2)', 'Net-(J6-Pin_2)'), ('/VFD drive 4/E', '/VFD drive 1/E'), ('CLK', 'CLK'), ('/VFD drive 4/H', '/VFD drive 1/H'), ('/VFD drive 4/A', '/VFD drive 1/A'), ('/VFD drive 4/C', '/VFD drive 1/C'), ('/SER_CHAIN3', 'MAIN_SER_IN'), ('/VFD drive 4/D', '/VFD drive 1/D'), ('SYNC', 'SYNC'), ('/VFD drive 4/F', '/VFD drive 1/F'), ('Net-(J9-Pin_6)', 'Net-(J6-Pin_6)'), ('GND', 'GND'), ('/VFD drive 4/B', '/VFD drive 1/B'), ('Net-(J9-Pin_5)', 'Net-(J6-Pin_5)'), ('Net-(J9-Pin_4)', 'Net-(J6-Pin_4)'), ('VCC', 'VCC'), ('Net-(J9-Pin_3)', 'Net-(J6-Pin_3)'), ('CLR', 'CLR'), ('MAIN_SER_OUT', '/SER_CHAIN1'), ('VDC', 'VDC'), ('Net-(J9-Pin_1)', 'Net-(J6-Pin_1)'), ('GNDA', 'GNDA'), ('/VFD drive 4/G', '/VFD drive 1/G'), ('Net-(J9-Pin_7)', 'Net-(J6-Pin_7)'), ('Net-(J9-Pin_8)', 'Net-(J6-Pin_8)')]
09-04 11:29:15 com_github_MitjaNemec_ReplicateLayout.replicate_layout 1020:Replicating tracks on sheet ['/VFD drive 2/']
09-04 11:29:15 com_github_MitjaNemec_ReplicateLayout.replicate_layout 835:Src fp.id: '3E4FAB86-4AFF-4D09-A620-32EA5C84F359'
09-04 11:29:15 com_github_MitjaNemec_ReplicateLayout.replicate_layout 839:Dst fp.id: '3E4FAB86-4AFF-4D09-A620-32EA5C84F359'
09-04 11:29:15 com_github_MitjaNemec_ReplicateLayout.replicate_layout 776:Significant difference between src net: ['MAIN_SER_OUT'] and dst net: ['', 'SER_CHAIN2'], with src_net_depth=1, dst_net_depth=2, src_fp_depth=1, dst_fp_depth=1, match level 0.36
09-04 11:29:15 com_github_MitjaNemec_ReplicateLayout.replicate_layout 792:Net pairs for sheet ['/VFD drive 2/'] :[('Net-(J9-Pin_7)', 'Net-(J7-Pin_7)'), ('CLK', 'CLK'), ('/VFD drive 4/D', '/VFD drive 2/D'), ('/VFD drive 4/F', '/VFD drive 2/F'), ('MAIN_SER_OUT', '/SER_CHAIN2'), ('Net-(J9-Pin_4)', 'Net-(J7-Pin_4)'), ('SYNC', 'SYNC'), ('GND', 'GND'), ('/SER_CHAIN3', '/SER_CHAIN1'), ('VCC', 'VCC'), ('/VFD drive 4/C', '/VFD drive 2/C'), ('CLR', 'CLR'), ('Net-(J9-Pin_5)', 'Net-(J7-Pin_5)'), ('Net-(J9-Pin_6)', 'Net-(J7-Pin_6)'), ('Net-(J9-Pin_3)', 'Net-(J7-Pin_3)'), ('/VFD drive 4/B', '/VFD drive 2/B'), ('VDC', 'VDC'), ('/VFD drive 4/A', '/VFD drive 2/A'), ('/VFD drive 4/G', '/VFD drive 2/G'), ('/VFD drive 4/H', '/VFD drive 2/H'), ('GNDA', 'GNDA'), ('/VFD drive 4/E', '/VFD drive 2/E'), ('Net-(J9-Pin_1)', 'Net-(J7-Pin_1)'), ('Net-(J9-Pin_8)', 'Net-(J7-Pin_8)'), ('Net-(J9-Pin_2)', 'Net-(J7-Pin_2)')]
09-04 11:29:15 com_github_MitjaNemec_ReplicateLayout.replicate_layout 1020:Replicating tracks on sheet ['/VFD drive 3/']
09-04 11:29:15 com_github_MitjaNemec_ReplicateLayout.replicate_layout 835:Src fp.id: '3E4FAB86-4AFF-4D09-A620-32EA5C84F359'
09-04 11:29:15 com_github_MitjaNemec_ReplicateLayout.replicate_layout 839:Dst fp.id: '3E4FAB86-4AFF-4D09-A620-32EA5C84F359'
09-04 11:29:15 com_github_MitjaNemec_ReplicateLayout.replicate_layout 776:Significant difference between src net: ['MAIN_SER_OUT'] and dst net: ['', 'SER_CHAIN3'], with src_net_depth=1, dst_net_depth=2, src_fp_depth=1, dst_fp_depth=1, match level 0.36
09-04 11:29:15 com_github_MitjaNemec_ReplicateLayout.replicate_layout 792:Net pairs for sheet ['/VFD drive 3/'] :[('Net-(J9-Pin_2)', 'Net-(J8-Pin_2)'), ('CLK', 'CLK'), ('Net-(J9-Pin_1)', 'Net-(J8-Pin_1)'), ('Net-(J9-Pin_8)', 'Net-(J8-Pin_8)'), ('/VFD drive 4/F', '/VFD drive 3/F'), ('/SER_CHAIN3', '/SER_CHAIN2'), ('/VFD drive 4/E', '/VFD drive 3/E'), ('/VFD drive 4/G', '/VFD drive 3/G'), ('SYNC', 'SYNC'), ('GND', 'GND'), ('/VFD drive 4/A', '/VFD drive 3/A'), ('/VFD drive 4/H', '/VFD drive 3/H'), ('/VFD drive 4/C', '/VFD drive 3/C'), ('Net-(J9-Pin_5)', 'Net-(J8-Pin_5)'), ('VCC', 'VCC'), ('CLR', 'CLR'), ('VDC', 'VDC'), ('Net-(J9-Pin_4)', 'Net-(J8-Pin_4)'), ('Net-(J9-Pin_3)', 'Net-(J8-Pin_3)'), ('GNDA', 'GNDA'), ('Net-(J9-Pin_7)', 'Net-(J8-Pin_7)'), ('/VFD drive 4/D', '/VFD drive 3/D'), ('Net-(J9-Pin_6)', 'Net-(J8-Pin_6)'), ('MAIN_SER_OUT', '/SER_CHAIN3'), ('/VFD drive 4/B', '/VFD drive 3/B')]
09-04 11:29:15 root 340:updating GUI message: 'Replicating zones'
09-04 11:29:15 com_github_MitjaNemec_ReplicateLayout.replicate_layout 1084:Replicating zones
09-04 11:29:15 root 345:updating GUI with: 0
09-04 11:29:15 com_github_MitjaNemec_ReplicateLayout.replicate_layout 1091:Replicating zones on sheet ['/VFD drive 1/']
09-04 11:29:15 com_github_MitjaNemec_ReplicateLayout.replicate_layout 835:Src fp.id: '3E4FAB86-4AFF-4D09-A620-32EA5C84F359'
09-04 11:29:15 com_github_MitjaNemec_ReplicateLayout.replicate_layout 839:Dst fp.id: '3E4FAB86-4AFF-4D09-A620-32EA5C84F359'
09-04 11:29:15 com_github_MitjaNemec_ReplicateLayout.replicate_layout 776:Significant difference between src net: ['', 'SER_CHAIN3'] and dst net: ['MAIN_SER_IN'], with src_net_depth=2, dst_net_depth=1, src_fp_depth=1, dst_fp_depth=1, match level 0.57
09-04 11:29:15 com_github_MitjaNemec_ReplicateLayout.replicate_layout 776:Significant difference between src net: ['MAIN_SER_OUT'] and dst net: ['', 'SER_CHAIN1'], with src_net_depth=1, dst_net_depth=2, src_fp_depth=1, dst_fp_depth=1, match level 0.36
09-04 11:29:15 com_github_MitjaNemec_ReplicateLayout.replicate_layout 792:Net pairs for sheet ['/VFD drive 1/'] :[('Net-(J9-Pin_2)', 'Net-(J6-Pin_2)'), ('/VFD drive 4/E', '/VFD drive 1/E'), ('CLK', 'CLK'), ('/VFD drive 4/H', '/VFD drive 1/H'), ('/VFD drive 4/A', '/VFD drive 1/A'), ('/VFD drive 4/C', '/VFD drive 1/C'), ('/SER_CHAIN3', 'MAIN_SER_IN'), ('/VFD drive 4/D', '/VFD drive 1/D'), ('SYNC', 'SYNC'), ('/VFD drive 4/F', '/VFD drive 1/F'), ('Net-(J9-Pin_6)', 'Net-(J6-Pin_6)'), ('GND', 'GND'), ('/VFD drive 4/B', '/VFD drive 1/B'), ('Net-(J9-Pin_5)', 'Net-(J6-Pin_5)'), ('Net-(J9-Pin_4)', 'Net-(J6-Pin_4)'), ('VCC', 'VCC'), ('Net-(J9-Pin_3)', 'Net-(J6-Pin_3)'), ('CLR', 'CLR'), ('MAIN_SER_OUT', '/SER_CHAIN1'), ('VDC', 'VDC'), ('Net-(J9-Pin_1)', 'Net-(J6-Pin_1)'), ('GNDA', 'GNDA'), ('/VFD drive 4/G', '/VFD drive 1/G'), ('Net-(J9-Pin_7)', 'Net-(J6-Pin_7)'), ('Net-(J9-Pin_8)', 'Net-(J6-Pin_8)')]
09-04 11:29:15 com_github_MitjaNemec_ReplicateLayout.replicate_layout 1091:Replicating zones on sheet ['/VFD drive 2/']
09-04 11:29:15 com_github_MitjaNemec_ReplicateLayout.replicate_layout 835:Src fp.id: '3E4FAB86-4AFF-4D09-A620-32EA5C84F359'
09-04 11:29:15 com_github_MitjaNemec_ReplicateLayout.replicate_layout 839:Dst fp.id: '3E4FAB86-4AFF-4D09-A620-32EA5C84F359'
09-04 11:29:15 com_github_MitjaNemec_ReplicateLayout.replicate_layout 776:Significant difference between src net: ['MAIN_SER_OUT'] and dst net: ['', 'SER_CHAIN2'], with src_net_depth=1, dst_net_depth=2, src_fp_depth=1, dst_fp_depth=1, match level 0.36
09-04 11:29:15 com_github_MitjaNemec_ReplicateLayout.replicate_layout 792:Net pairs for sheet ['/VFD drive 2/'] :[('Net-(J9-Pin_7)', 'Net-(J7-Pin_7)'), ('CLK', 'CLK'), ('/VFD drive 4/D', '/VFD drive 2/D'), ('/VFD drive 4/F', '/VFD drive 2/F'), ('MAIN_SER_OUT', '/SER_CHAIN2'), ('Net-(J9-Pin_4)', 'Net-(J7-Pin_4)'), ('SYNC', 'SYNC'), ('GND', 'GND'), ('/SER_CHAIN3', '/SER_CHAIN1'), ('VCC', 'VCC'), ('/VFD drive 4/C', '/VFD drive 2/C'), ('CLR', 'CLR'), ('Net-(J9-Pin_5)', 'Net-(J7-Pin_5)'), ('Net-(J9-Pin_6)', 'Net-(J7-Pin_6)'), ('Net-(J9-Pin_3)', 'Net-(J7-Pin_3)'), ('/VFD drive 4/B', '/VFD drive 2/B'), ('VDC', 'VDC'), ('/VFD drive 4/A', '/VFD drive 2/A'), ('/VFD drive 4/G', '/VFD drive 2/G'), ('/VFD drive 4/H', '/VFD drive 2/H'), ('GNDA', 'GNDA'), ('/VFD drive 4/E', '/VFD drive 2/E'), ('Net-(J9-Pin_1)', 'Net-(J7-Pin_1)'), ('Net-(J9-Pin_8)', 'Net-(J7-Pin_8)'), ('Net-(J9-Pin_2)', 'Net-(J7-Pin_2)')]
09-04 11:29:15 com_github_MitjaNemec_ReplicateLayout.replicate_layout 1091:Replicating zones on sheet ['/VFD drive 3/']
09-04 11:29:15 com_github_MitjaNemec_ReplicateLayout.replicate_layout 835:Src fp.id: '3E4FAB86-4AFF-4D09-A620-32EA5C84F359'
09-04 11:29:15 com_github_MitjaNemec_ReplicateLayout.replicate_layout 839:Dst fp.id: '3E4FAB86-4AFF-4D09-A620-32EA5C84F359'
09-04 11:29:15 com_github_MitjaNemec_ReplicateLayout.replicate_layout 776:Significant difference between src net: ['MAIN_SER_OUT'] and dst net: ['', 'SER_CHAIN3'], with src_net_depth=1, dst_net_depth=2, src_fp_depth=1, dst_fp_depth=1, match level 0.36
09-04 11:29:15 com_github_MitjaNemec_ReplicateLayout.replicate_layout 792:Net pairs for sheet ['/VFD drive 3/'] :[('Net-(J9-Pin_2)', 'Net-(J8-Pin_2)'), ('CLK', 'CLK'), ('Net-(J9-Pin_1)', 'Net-(J8-Pin_1)'), ('Net-(J9-Pin_8)', 'Net-(J8-Pin_8)'), ('/VFD drive 4/F', '/VFD drive 3/F'), ('/SER_CHAIN3', '/SER_CHAIN2'), ('/VFD drive 4/E', '/VFD drive 3/E'), ('/VFD drive 4/G', '/VFD drive 3/G'), ('SYNC', 'SYNC'), ('GND', 'GND'), ('/VFD drive 4/A', '/VFD drive 3/A'), ('/VFD drive 4/H', '/VFD drive 3/H'), ('/VFD drive 4/C', '/VFD drive 3/C'), ('Net-(J9-Pin_5)', 'Net-(J8-Pin_5)'), ('VCC', 'VCC'), ('CLR', 'CLR'), ('VDC', 'VDC'), ('Net-(J9-Pin_4)', 'Net-(J8-Pin_4)'), ('Net-(J9-Pin_3)', 'Net-(J8-Pin_3)'), ('GNDA', 'GNDA'), ('Net-(J9-Pin_7)', 'Net-(J8-Pin_7)'), ('/VFD drive 4/D', '/VFD drive 3/D'), ('Net-(J9-Pin_6)', 'Net-(J8-Pin_6)'), ('MAIN_SER_OUT', '/SER_CHAIN3'), ('/VFD drive 4/B', '/VFD drive 3/B')]
09-04 11:29:15 root 340:updating GUI message: 'Replicating text'
09-04 11:29:15 com_github_MitjaNemec_ReplicateLayout.replicate_layout 1173:Replicating text
09-04 11:29:15 root 345:updating GUI with: 0
09-04 11:29:15 com_github_MitjaNemec_ReplicateLayout.replicate_layout 1180:Replicating text on sheet ['/VFD drive 1/']
09-04 11:29:15 com_github_MitjaNemec_ReplicateLayout.replicate_layout 835:Src fp.id: '3E4FAB86-4AFF-4D09-A620-32EA5C84F359'
09-04 11:29:15 com_github_MitjaNemec_ReplicateLayout.replicate_layout 839:Dst fp.id: '3E4FAB86-4AFF-4D09-A620-32EA5C84F359'
09-04 11:29:15 com_github_MitjaNemec_ReplicateLayout.replicate_layout 1180:Replicating text on sheet ['/VFD drive 2/']
09-04 11:29:15 com_github_MitjaNemec_ReplicateLayout.replicate_layout 835:Src fp.id: '3E4FAB86-4AFF-4D09-A620-32EA5C84F359'
09-04 11:29:15 com_github_MitjaNemec_ReplicateLayout.replicate_layout 839:Dst fp.id: '3E4FAB86-4AFF-4D09-A620-32EA5C84F359'
09-04 11:29:15 com_github_MitjaNemec_ReplicateLayout.replicate_layout 1180:Replicating text on sheet ['/VFD drive 3/']
09-04 11:29:15 com_github_MitjaNemec_ReplicateLayout.replicate_layout 835:Src fp.id: '3E4FAB86-4AFF-4D09-A620-32EA5C84F359'
09-04 11:29:15 com_github_MitjaNemec_ReplicateLayout.replicate_layout 839:Dst fp.id: '3E4FAB86-4AFF-4D09-A620-32EA5C84F359'
09-04 11:29:15 root 340:updating GUI message: 'Replicating drawings'
09-04 11:29:15 com_github_MitjaNemec_ReplicateLayout.replicate_layout 1224:Replicating drawings
09-04 11:29:15 com_github_MitjaNemec_ReplicateLayout.replicate_layout 1230:Replicating drawings on sheet ['/VFD drive 1/']
09-04 11:29:15 com_github_MitjaNemec_ReplicateLayout.replicate_layout 835:Src fp.id: '3E4FAB86-4AFF-4D09-A620-32EA5C84F359'
09-04 11:29:15 com_github_MitjaNemec_ReplicateLayout.replicate_layout 839:Dst fp.id: '3E4FAB86-4AFF-4D09-A620-32EA5C84F359'
09-04 11:29:15 com_github_MitjaNemec_ReplicateLayout.replicate_layout 1230:Replicating drawings on sheet ['/VFD drive 2/']
09-04 11:29:15 com_github_MitjaNemec_ReplicateLayout.replicate_layout 835:Src fp.id: '3E4FAB86-4AFF-4D09-A620-32EA5C84F359'
09-04 11:29:15 com_github_MitjaNemec_ReplicateLayout.replicate_layout 839:Dst fp.id: '3E4FAB86-4AFF-4D09-A620-32EA5C84F359'
09-04 11:29:15 com_github_MitjaNemec_ReplicateLayout.replicate_layout 1230:Replicating drawings on sheet ['/VFD drive 3/']
09-04 11:29:15 com_github_MitjaNemec_ReplicateLayout.replicate_layout 835:Src fp.id: '3E4FAB86-4AFF-4D09-A620-32EA5C84F359'
09-04 11:29:15 com_github_MitjaNemec_ReplicateLayout.replicate_layout 839:Dst fp.id: '3E4FAB86-4AFF-4D09-A620-32EA5C84F359'
09-04 11:29:15 com_github_MitjaNemec_ReplicateLayout.action_replicate_layout 264:Replication complete
09-04 11:29:15 com_github_MitjaNemec_ReplicateLayout.action_replicate_layout 267:Letting the user know there are some issues with replicated design
09-04 11:29:15 com_github_MitjaNemec_ReplicateLayout.action_replicate_layout 271:Looks like the design has an exotic connectivity that the plugin might not handle properly
 Make sure that you check the connectivity around:
Footprint U4, pad 14
Footprint U6, pad 9
Footprint U4, pad 9
Footprint U8, pad 9

